<?xml version="1.0" encoding="UTF-8"?>
<testng-results ignored="0" total="2" passed="2" failed="0" skipped="0">
  <reporter-output>
  </reporter-output>
  <suite started-at="2025-08-26T20:28:40 EEST" name="OneKonnect Automation Suite" finished-at="2025-08-26T20:28:47 EEST" duration-ms="6822">
    <groups>
    </groups>
    <test started-at="2025-08-26T20:28:40 EEST" name="Order Creation Test" finished-at="2025-08-26T20:28:47 EEST" duration-ms="6822">
      <class name="tests.OrderCreationTest">
        <test-method is-config="true" signature="Setup()[pri:0, instance:tests.OrderCreationTest@9353778]" started-at="2025-08-26T20:28:40 EEST" name="Setup" finished-at="2025-08-26T20:28:44 EEST" duration-ms="4015" status="PASS">
          <reporter-output>
          </reporter-output>
        </test-method> <!-- Setup -->
        <test-method signature="testHotelNameOnReservationPage()[pri:1, instance:tests.OrderCreationTest@9353778]" started-at="2025-08-26T20:28:44 EEST" name="testHotelNameOnReservationPage" finished-at="2025-08-26T20:28:44 EEST" duration-ms="0" status="PASS">
          <reporter-output>
          </reporter-output>
        </test-method> <!-- testHotelNameOnReservationPage -->
        <test-method is-config="true" signature="teardown()[pri:0, instance:tests.OrderCreationTest@9353778]" started-at="2025-08-26T20:28:44 EEST" name="teardown" finished-at="2025-08-26T20:28:45 EEST" duration-ms="95" status="PASS">
          <reporter-output>
          </reporter-output>
        </test-method> <!-- teardown -->
        <test-method is-config="true" signature="Setup()[pri:0, instance:tests.OrderCreationTest@9353778]" started-at="2025-08-26T20:28:45 EEST" name="Setup" finished-at="2025-08-26T20:28:47 EEST" duration-ms="2605" status="PASS">
          <reporter-output>
          </reporter-output>
        </test-method> <!-- Setup -->
        <test-method signature="testDatesOnDetailsPage()[pri:2, instance:tests.OrderCreationTest@9353778]" started-at="2025-08-26T20:28:47 EEST" name="testDatesOnDetailsPage" finished-at="2025-08-26T20:28:47 EEST" duration-ms="0" status="PASS">
          <reporter-output>
          </reporter-output>
        </test-method> <!-- testDatesOnDetailsPage -->
        <test-method is-config="true" signature="teardown()[pri:0, instance:tests.OrderCreationTest@9353778]" started-at="2025-08-26T20:28:47 EEST" name="teardown" finished-at="2025-08-26T20:28:47 EEST" duration-ms="90" status="PASS">
          <reporter-output>
          </reporter-output>
        </test-method> <!-- teardown -->
      </class> <!-- tests.OrderCreationTest -->
    </test> <!-- Order Creation Test -->
  </suite> <!-- OneKonnect Automation Suite -->
</testng-results>
